<?xml version="1.0" encoding="UTF-8"?>
<coverage generated="1610388207817" clover="3.2.0">
  <project timestamp="1610388207817" name="All files">
    <metrics statements="18" coveredstatements="15" conditionals="2" coveredconditionals="1" methods="5" coveredmethods="4" elements="25" coveredelements="20" complexity="0" loc="18" ncloc="18" packages="1" files="2" classes="2"/>
    <file name="coolFunction.js" path="/Users/alex/Repos/coverage-example/src/util/coolFunction.js">
      <metrics statements="9" coveredstatements="7" conditionals="2" coveredconditionals="1" methods="1" coveredmethods="1"/>
      <line num="1" count="1" type="stmt"/>
      <line num="2" count="1" type="stmt"/>
      <line num="4" count="1" type="stmt"/>
      <line num="6" count="1" type="stmt"/>
      <line num="8" count="1" type="cond" truecount="1" falsecount="1"/>
      <line num="9" count="0" type="stmt"/>
      <line num="10" count="0" type="stmt"/>
      <line num="13" count="1" type="stmt"/>
      <line num="20" count="1" type="stmt"/>
    </file>
    <file name="math.js" path="/Users/alex/Repos/coverage-example/src/util/math.js">
      <metrics statements="9" coveredstatements="8" conditionals="0" coveredconditionals="0" methods="4" coveredmethods="3"/>
      <line num="1" count="1" type="stmt"/>
      <line num="2" count="1" type="stmt"/>
      <line num="5" count="1" type="stmt"/>
      <line num="6" count="1" type="stmt"/>
      <line num="9" count="1" type="stmt"/>
      <line num="10" count="1" type="stmt"/>
      <line num="13" count="1" type="stmt"/>
      <line num="14" count="0" type="stmt"/>
      <line num="17" count="1" type="stmt"/>
    </file>
  </project>
</coverage>
